nohup: ignoring input
Traceback (most recent call last):
  File "/home/minhnb/Equalizer_Agent/agent/venv/lib/python3.12/site-packages/google/adk/models/google_llm.py", line 241, in generate_content_async
    response = await self.api_client.aio.models.generate_content(
               ^^^^^^^^^^^^^^^^^^^^^^^^^^^^^^^^^^^^^^^^^^^^^^^^^^
  File "/home/minhnb/Equalizer_Agent/agent/venv/lib/python3.12/site-packages/google/genai/models.py", line 7033, in generate_content
    return await self._generate_content(
           ^^^^^^^^^^^^^^^^^^^^^^^^^^^^^
  File "/home/minhnb/Equalizer_Agent/agent/venv/lib/python3.12/site-packages/google/genai/models.py", line 5851, in _generate_content
    response = await self._api_client.async_request(
               ^^^^^^^^^^^^^^^^^^^^^^^^^^^^^^^^^^^^^
  File "/home/minhnb/Equalizer_Agent/agent/venv/lib/python3.12/site-packages/google/genai/_api_client.py", line 1434, in async_request
    result = await self._async_request(
             ^^^^^^^^^^^^^^^^^^^^^^^^^^
  File "/home/minhnb/Equalizer_Agent/agent/venv/lib/python3.12/site-packages/google/genai/_api_client.py", line 1367, in _async_request
    return await self._async_retry(  # type: ignore[no-any-return]
           ^^^^^^^^^^^^^^^^^^^^^^^^^^^^^^^^^^^^^^^^^^^^^^^^^^^^^^^
  File "/home/minhnb/Equalizer_Agent/agent/venv/lib/python3.12/site-packages/tenacity/asyncio/__init__.py", line 111, in __call__
    do = await self.iter(retry_state=retry_state)
         ^^^^^^^^^^^^^^^^^^^^^^^^^^^^^^^^^^^^^^^^
  File "/home/minhnb/Equalizer_Agent/agent/venv/lib/python3.12/site-packages/tenacity/asyncio/__init__.py", line 153, in iter
    result = await action(retry_state)
             ^^^^^^^^^^^^^^^^^^^^^^^^^
  File "/home/minhnb/Equalizer_Agent/agent/venv/lib/python3.12/site-packages/tenacity/_utils.py", line 99, in inner
    return call(*args, **kwargs)
           ^^^^^^^^^^^^^^^^^^^^^
  File "/home/minhnb/Equalizer_Agent/agent/venv/lib/python3.12/site-packages/tenacity/__init__.py", line 420, in exc_check
    raise retry_exc.reraise()
          ^^^^^^^^^^^^^^^^^^^
  File "/home/minhnb/Equalizer_Agent/agent/venv/lib/python3.12/site-packages/tenacity/__init__.py", line 187, in reraise
    raise self.last_attempt.result()
          ^^^^^^^^^^^^^^^^^^^^^^^^^^
  File "/usr/lib/python3.12/concurrent/futures/_base.py", line 449, in result
    return self.__get_result()
           ^^^^^^^^^^^^^^^^^^^
  File "/usr/lib/python3.12/concurrent/futures/_base.py", line 401, in __get_result
    raise self._exception
  File "/home/minhnb/Equalizer_Agent/agent/venv/lib/python3.12/site-packages/tenacity/asyncio/__init__.py", line 114, in __call__
    result = await fn(*args, **kwargs)
             ^^^^^^^^^^^^^^^^^^^^^^^^^
  File "/home/minhnb/Equalizer_Agent/agent/venv/lib/python3.12/site-packages/google/genai/_api_client.py", line 1347, in _async_request_once
    await errors.APIError.raise_for_async_response(client_response)
  File "/home/minhnb/Equalizer_Agent/agent/venv/lib/python3.12/site-packages/google/genai/errors.py", line 203, in raise_for_async_response
    await cls.raise_error_async(status_code, response_json, response)
  File "/home/minhnb/Equalizer_Agent/agent/venv/lib/python3.12/site-packages/google/genai/errors.py", line 225, in raise_error_async
    raise ClientError(status_code, response_json, response)
google.genai.errors.ClientError: 429 RESOURCE_EXHAUSTED. {'error': {'code': 429, 'message': 'You exceeded your current quota, please check your plan and billing details. For more information on this error, head to: https://ai.google.dev/gemini-api/docs/rate-limits. To monitor your current usage, head to: https://ai.dev/usage?tab=rate-limit. \n* Quota exceeded for metric: generativelanguage.googleapis.com/generate_content_free_tier_requests, limit: 20, model: gemini-2.5-flash\nPlease retry in 52.74043063s.', 'status': 'RESOURCE_EXHAUSTED', 'details': [{'@type': 'type.googleapis.com/google.rpc.Help', 'links': [{'description': 'Learn more about Gemini API quotas', 'url': 'https://ai.google.dev/gemini-api/docs/rate-limits'}]}, {'@type': 'type.googleapis.com/google.rpc.QuotaFailure', 'violations': [{'quotaMetric': 'generativelanguage.googleapis.com/generate_content_free_tier_requests', 'quotaId': 'GenerateRequestsPerDayPerProjectPerModel-FreeTier', 'quotaDimensions': {'location': 'global', 'model': 'gemini-2.5-flash'}, 'quotaValue': '20'}]}, {'@type': 'type.googleapis.com/google.rpc.RetryInfo', 'retryDelay': '52s'}]}}

The above exception was the direct cause of the following exception:

Traceback (most recent call last):
  File "/home/minhnb/Equalizer_Agent/agent/chat_agent.py", line 59, in process_message_async
    async for event in root_agent.run_async(context):
  File "/home/minhnb/Equalizer_Agent/agent/venv/lib/python3.12/site-packages/google/adk/agents/base_agent.py", line 294, in run_async
    async for event in agen:
  File "/home/minhnb/Equalizer_Agent/agent/venv/lib/python3.12/site-packages/google/adk/agents/llm_agent.py", line 460, in _run_async_impl
    async for event in agen:
  File "/home/minhnb/Equalizer_Agent/agent/venv/lib/python3.12/site-packages/google/adk/flows/llm_flows/base_llm_flow.py", line 370, in run_async
    async for event in agen:
  File "/home/minhnb/Equalizer_Agent/agent/venv/lib/python3.12/site-packages/google/adk/flows/llm_flows/base_llm_flow.py", line 447, in _run_one_step_async
    async for llm_response in agen:
  File "/home/minhnb/Equalizer_Agent/agent/venv/lib/python3.12/site-packages/google/adk/flows/llm_flows/base_llm_flow.py", line 816, in _call_llm_async
    async for event in agen:
  File "/home/minhnb/Equalizer_Agent/agent/venv/lib/python3.12/site-packages/google/adk/flows/llm_flows/base_llm_flow.py", line 800, in _call_llm_with_tracing
    async for llm_response in agen:
  File "/home/minhnb/Equalizer_Agent/agent/venv/lib/python3.12/site-packages/google/adk/flows/llm_flows/base_llm_flow.py", line 1053, in _run_and_handle_error
    raise model_error
  File "/home/minhnb/Equalizer_Agent/agent/venv/lib/python3.12/site-packages/google/adk/flows/llm_flows/base_llm_flow.py", line 1039, in _run_and_handle_error
    async for response in agen:
  File "/home/minhnb/Equalizer_Agent/agent/venv/lib/python3.12/site-packages/google/adk/models/google_llm.py", line 260, in generate_content_async
    raise _ResourceExhaustedError(ce) from ce
google.adk.models.google_llm._ResourceExhaustedError: 
On how to mitigate this issue, please refer to:

https://google.github.io/adk-docs/agents/models/#error-code-429-resource_exhausted


429 RESOURCE_EXHAUSTED. {'error': {'code': 429, 'message': 'You exceeded your current quota, please check your plan and billing details. For more information on this error, head to: https://ai.google.dev/gemini-api/docs/rate-limits. To monitor your current usage, head to: https://ai.dev/usage?tab=rate-limit. \n* Quota exceeded for metric: generativelanguage.googleapis.com/generate_content_free_tier_requests, limit: 20, model: gemini-2.5-flash\nPlease retry in 52.74043063s.', 'status': 'RESOURCE_EXHAUSTED', 'details': [{'@type': 'type.googleapis.com/google.rpc.Help', 'links': [{'description': 'Learn more about Gemini API quotas', 'url': 'https://ai.google.dev/gemini-api/docs/rate-limits'}]}, {'@type': 'type.googleapis.com/google.rpc.QuotaFailure', 'violations': [{'quotaMetric': 'generativelanguage.googleapis.com/generate_content_free_tier_requests', 'quotaId': 'GenerateRequestsPerDayPerProjectPerModel-FreeTier', 'quotaDimensions': {'location': 'global', 'model': 'gemini-2.5-flash'}, 'quotaValue': '20'}]}, {'@type': 'type.googleapis.com/google.rpc.RetryInfo', 'retryDelay': '52s'}]}}
Traceback (most recent call last):
  File "/home/minhnb/Equalizer_Agent/agent/venv/lib/python3.12/site-packages/google/adk/models/google_llm.py", line 241, in generate_content_async
    response = await self.api_client.aio.models.generate_content(
               ^^^^^^^^^^^^^^^^^^^^^^^^^^^^^^^^^^^^^^^^^^^^^^^^^^
  File "/home/minhnb/Equalizer_Agent/agent/venv/lib/python3.12/site-packages/google/genai/models.py", line 7033, in generate_content
    return await self._generate_content(
           ^^^^^^^^^^^^^^^^^^^^^^^^^^^^^
  File "/home/minhnb/Equalizer_Agent/agent/venv/lib/python3.12/site-packages/google/genai/models.py", line 5851, in _generate_content
    response = await self._api_client.async_request(
               ^^^^^^^^^^^^^^^^^^^^^^^^^^^^^^^^^^^^^
  File "/home/minhnb/Equalizer_Agent/agent/venv/lib/python3.12/site-packages/google/genai/_api_client.py", line 1434, in async_request
    result = await self._async_request(
             ^^^^^^^^^^^^^^^^^^^^^^^^^^
  File "/home/minhnb/Equalizer_Agent/agent/venv/lib/python3.12/site-packages/google/genai/_api_client.py", line 1367, in _async_request
    return await self._async_retry(  # type: ignore[no-any-return]
           ^^^^^^^^^^^^^^^^^^^^^^^^^^^^^^^^^^^^^^^^^^^^^^^^^^^^^^^
  File "/home/minhnb/Equalizer_Agent/agent/venv/lib/python3.12/site-packages/tenacity/asyncio/__init__.py", line 111, in __call__
    do = await self.iter(retry_state=retry_state)
         ^^^^^^^^^^^^^^^^^^^^^^^^^^^^^^^^^^^^^^^^
  File "/home/minhnb/Equalizer_Agent/agent/venv/lib/python3.12/site-packages/tenacity/asyncio/__init__.py", line 153, in iter
    result = await action(retry_state)
             ^^^^^^^^^^^^^^^^^^^^^^^^^
  File "/home/minhnb/Equalizer_Agent/agent/venv/lib/python3.12/site-packages/tenacity/_utils.py", line 99, in inner
    return call(*args, **kwargs)
           ^^^^^^^^^^^^^^^^^^^^^
  File "/home/minhnb/Equalizer_Agent/agent/venv/lib/python3.12/site-packages/tenacity/__init__.py", line 420, in exc_check
    raise retry_exc.reraise()
          ^^^^^^^^^^^^^^^^^^^
  File "/home/minhnb/Equalizer_Agent/agent/venv/lib/python3.12/site-packages/tenacity/__init__.py", line 187, in reraise
    raise self.last_attempt.result()
          ^^^^^^^^^^^^^^^^^^^^^^^^^^
  File "/usr/lib/python3.12/concurrent/futures/_base.py", line 449, in result
    return self.__get_result()
           ^^^^^^^^^^^^^^^^^^^
  File "/usr/lib/python3.12/concurrent/futures/_base.py", line 401, in __get_result
    raise self._exception
  File "/home/minhnb/Equalizer_Agent/agent/venv/lib/python3.12/site-packages/tenacity/asyncio/__init__.py", line 114, in __call__
    result = await fn(*args, **kwargs)
             ^^^^^^^^^^^^^^^^^^^^^^^^^
  File "/home/minhnb/Equalizer_Agent/agent/venv/lib/python3.12/site-packages/google/genai/_api_client.py", line 1347, in _async_request_once
    await errors.APIError.raise_for_async_response(client_response)
  File "/home/minhnb/Equalizer_Agent/agent/venv/lib/python3.12/site-packages/google/genai/errors.py", line 203, in raise_for_async_response
    await cls.raise_error_async(status_code, response_json, response)
  File "/home/minhnb/Equalizer_Agent/agent/venv/lib/python3.12/site-packages/google/genai/errors.py", line 225, in raise_error_async
    raise ClientError(status_code, response_json, response)
google.genai.errors.ClientError: 429 RESOURCE_EXHAUSTED. {'error': {'code': 429, 'message': 'You exceeded your current quota, please check your plan and billing details. For more information on this error, head to: https://ai.google.dev/gemini-api/docs/rate-limits. To monitor your current usage, head to: https://ai.dev/usage?tab=rate-limit. \n* Quota exceeded for metric: generativelanguage.googleapis.com/generate_content_free_tier_requests, limit: 20, model: gemini-2.5-flash\nPlease retry in 40.479529722s.', 'status': 'RESOURCE_EXHAUSTED', 'details': [{'@type': 'type.googleapis.com/google.rpc.Help', 'links': [{'description': 'Learn more about Gemini API quotas', 'url': 'https://ai.google.dev/gemini-api/docs/rate-limits'}]}, {'@type': 'type.googleapis.com/google.rpc.QuotaFailure', 'violations': [{'quotaMetric': 'generativelanguage.googleapis.com/generate_content_free_tier_requests', 'quotaId': 'GenerateRequestsPerDayPerProjectPerModel-FreeTier', 'quotaDimensions': {'location': 'global', 'model': 'gemini-2.5-flash'}, 'quotaValue': '20'}]}, {'@type': 'type.googleapis.com/google.rpc.RetryInfo', 'retryDelay': '40s'}]}}

The above exception was the direct cause of the following exception:

Traceback (most recent call last):
  File "/home/minhnb/Equalizer_Agent/agent/chat_agent.py", line 59, in process_message_async
    async for event in root_agent.run_async(context):
  File "/home/minhnb/Equalizer_Agent/agent/venv/lib/python3.12/site-packages/google/adk/agents/base_agent.py", line 294, in run_async
    async for event in agen:
  File "/home/minhnb/Equalizer_Agent/agent/venv/lib/python3.12/site-packages/google/adk/agents/llm_agent.py", line 460, in _run_async_impl
    async for event in agen:
  File "/home/minhnb/Equalizer_Agent/agent/venv/lib/python3.12/site-packages/google/adk/flows/llm_flows/base_llm_flow.py", line 370, in run_async
    async for event in agen:
  File "/home/minhnb/Equalizer_Agent/agent/venv/lib/python3.12/site-packages/google/adk/flows/llm_flows/base_llm_flow.py", line 447, in _run_one_step_async
    async for llm_response in agen:
  File "/home/minhnb/Equalizer_Agent/agent/venv/lib/python3.12/site-packages/google/adk/flows/llm_flows/base_llm_flow.py", line 816, in _call_llm_async
    async for event in agen:
  File "/home/minhnb/Equalizer_Agent/agent/venv/lib/python3.12/site-packages/google/adk/flows/llm_flows/base_llm_flow.py", line 800, in _call_llm_with_tracing
    async for llm_response in agen:
  File "/home/minhnb/Equalizer_Agent/agent/venv/lib/python3.12/site-packages/google/adk/flows/llm_flows/base_llm_flow.py", line 1053, in _run_and_handle_error
    raise model_error
  File "/home/minhnb/Equalizer_Agent/agent/venv/lib/python3.12/site-packages/google/adk/flows/llm_flows/base_llm_flow.py", line 1039, in _run_and_handle_error
    async for response in agen:
  File "/home/minhnb/Equalizer_Agent/agent/venv/lib/python3.12/site-packages/google/adk/models/google_llm.py", line 260, in generate_content_async
    raise _ResourceExhaustedError(ce) from ce
google.adk.models.google_llm._ResourceExhaustedError: 
On how to mitigate this issue, please refer to:

https://google.github.io/adk-docs/agents/models/#error-code-429-resource_exhausted


429 RESOURCE_EXHAUSTED. {'error': {'code': 429, 'message': 'You exceeded your current quota, please check your plan and billing details. For more information on this error, head to: https://ai.google.dev/gemini-api/docs/rate-limits. To monitor your current usage, head to: https://ai.dev/usage?tab=rate-limit. \n* Quota exceeded for metric: generativelanguage.googleapis.com/generate_content_free_tier_requests, limit: 20, model: gemini-2.5-flash\nPlease retry in 40.479529722s.', 'status': 'RESOURCE_EXHAUSTED', 'details': [{'@type': 'type.googleapis.com/google.rpc.Help', 'links': [{'description': 'Learn more about Gemini API quotas', 'url': 'https://ai.google.dev/gemini-api/docs/rate-limits'}]}, {'@type': 'type.googleapis.com/google.rpc.QuotaFailure', 'violations': [{'quotaMetric': 'generativelanguage.googleapis.com/generate_content_free_tier_requests', 'quotaId': 'GenerateRequestsPerDayPerProjectPerModel-FreeTier', 'quotaDimensions': {'location': 'global', 'model': 'gemini-2.5-flash'}, 'quotaValue': '20'}]}, {'@type': 'type.googleapis.com/google.rpc.RetryInfo', 'retryDelay': '40s'}]}}
Traceback (most recent call last):
  File "/home/minhnb/Equalizer_Agent/agent/venv/lib/python3.12/site-packages/google/adk/models/google_llm.py", line 241, in generate_content_async
    response = await self.api_client.aio.models.generate_content(
               ^^^^^^^^^^^^^^^^^^^^^^^^^^^^^^^^^^^^^^^^^^^^^^^^^^
  File "/home/minhnb/Equalizer_Agent/agent/venv/lib/python3.12/site-packages/google/genai/models.py", line 7033, in generate_content
    return await self._generate_content(
           ^^^^^^^^^^^^^^^^^^^^^^^^^^^^^
  File "/home/minhnb/Equalizer_Agent/agent/venv/lib/python3.12/site-packages/google/genai/models.py", line 5851, in _generate_content
    response = await self._api_client.async_request(
               ^^^^^^^^^^^^^^^^^^^^^^^^^^^^^^^^^^^^^
  File "/home/minhnb/Equalizer_Agent/agent/venv/lib/python3.12/site-packages/google/genai/_api_client.py", line 1434, in async_request
    result = await self._async_request(
             ^^^^^^^^^^^^^^^^^^^^^^^^^^
  File "/home/minhnb/Equalizer_Agent/agent/venv/lib/python3.12/site-packages/google/genai/_api_client.py", line 1367, in _async_request
    return await self._async_retry(  # type: ignore[no-any-return]
           ^^^^^^^^^^^^^^^^^^^^^^^^^^^^^^^^^^^^^^^^^^^^^^^^^^^^^^^
  File "/home/minhnb/Equalizer_Agent/agent/venv/lib/python3.12/site-packages/tenacity/asyncio/__init__.py", line 111, in __call__
    do = await self.iter(retry_state=retry_state)
         ^^^^^^^^^^^^^^^^^^^^^^^^^^^^^^^^^^^^^^^^
  File "/home/minhnb/Equalizer_Agent/agent/venv/lib/python3.12/site-packages/tenacity/asyncio/__init__.py", line 153, in iter
    result = await action(retry_state)
             ^^^^^^^^^^^^^^^^^^^^^^^^^
  File "/home/minhnb/Equalizer_Agent/agent/venv/lib/python3.12/site-packages/tenacity/_utils.py", line 99, in inner
    return call(*args, **kwargs)
           ^^^^^^^^^^^^^^^^^^^^^
  File "/home/minhnb/Equalizer_Agent/agent/venv/lib/python3.12/site-packages/tenacity/__init__.py", line 420, in exc_check
    raise retry_exc.reraise()
          ^^^^^^^^^^^^^^^^^^^
  File "/home/minhnb/Equalizer_Agent/agent/venv/lib/python3.12/site-packages/tenacity/__init__.py", line 187, in reraise
    raise self.last_attempt.result()
          ^^^^^^^^^^^^^^^^^^^^^^^^^^
  File "/usr/lib/python3.12/concurrent/futures/_base.py", line 449, in result
    return self.__get_result()
           ^^^^^^^^^^^^^^^^^^^
  File "/usr/lib/python3.12/concurrent/futures/_base.py", line 401, in __get_result
    raise self._exception
  File "/home/minhnb/Equalizer_Agent/agent/venv/lib/python3.12/site-packages/tenacity/asyncio/__init__.py", line 114, in __call__
    result = await fn(*args, **kwargs)
             ^^^^^^^^^^^^^^^^^^^^^^^^^
  File "/home/minhnb/Equalizer_Agent/agent/venv/lib/python3.12/site-packages/google/genai/_api_client.py", line 1347, in _async_request_once
    await errors.APIError.raise_for_async_response(client_response)
  File "/home/minhnb/Equalizer_Agent/agent/venv/lib/python3.12/site-packages/google/genai/errors.py", line 203, in raise_for_async_response
    await cls.raise_error_async(status_code, response_json, response)
  File "/home/minhnb/Equalizer_Agent/agent/venv/lib/python3.12/site-packages/google/genai/errors.py", line 225, in raise_error_async
    raise ClientError(status_code, response_json, response)
google.genai.errors.ClientError: 429 RESOURCE_EXHAUSTED. {'error': {'code': 429, 'message': 'You exceeded your current quota, please check your plan and billing details. For more information on this error, head to: https://ai.google.dev/gemini-api/docs/rate-limits. To monitor your current usage, head to: https://ai.dev/usage?tab=rate-limit. \n* Quota exceeded for metric: generativelanguage.googleapis.com/generate_content_free_tier_requests, limit: 20, model: gemini-2.5-flash\nPlease retry in 27.286344454s.', 'status': 'RESOURCE_EXHAUSTED', 'details': [{'@type': 'type.googleapis.com/google.rpc.Help', 'links': [{'description': 'Learn more about Gemini API quotas', 'url': 'https://ai.google.dev/gemini-api/docs/rate-limits'}]}, {'@type': 'type.googleapis.com/google.rpc.QuotaFailure', 'violations': [{'quotaMetric': 'generativelanguage.googleapis.com/generate_content_free_tier_requests', 'quotaId': 'GenerateRequestsPerDayPerProjectPerModel-FreeTier', 'quotaDimensions': {'location': 'global', 'model': 'gemini-2.5-flash'}, 'quotaValue': '20'}]}, {'@type': 'type.googleapis.com/google.rpc.RetryInfo', 'retryDelay': '27s'}]}}

The above exception was the direct cause of the following exception:

Traceback (most recent call last):
  File "/home/minhnb/Equalizer_Agent/agent/chat_agent.py", line 59, in process_message_async
    async for event in root_agent.run_async(context):
  File "/home/minhnb/Equalizer_Agent/agent/venv/lib/python3.12/site-packages/google/adk/agents/base_agent.py", line 294, in run_async
    async for event in agen:
  File "/home/minhnb/Equalizer_Agent/agent/venv/lib/python3.12/site-packages/google/adk/agents/llm_agent.py", line 460, in _run_async_impl
    async for event in agen:
  File "/home/minhnb/Equalizer_Agent/agent/venv/lib/python3.12/site-packages/google/adk/flows/llm_flows/base_llm_flow.py", line 370, in run_async
    async for event in agen:
  File "/home/minhnb/Equalizer_Agent/agent/venv/lib/python3.12/site-packages/google/adk/flows/llm_flows/base_llm_flow.py", line 447, in _run_one_step_async
    async for llm_response in agen:
  File "/home/minhnb/Equalizer_Agent/agent/venv/lib/python3.12/site-packages/google/adk/flows/llm_flows/base_llm_flow.py", line 816, in _call_llm_async
    async for event in agen:
  File "/home/minhnb/Equalizer_Agent/agent/venv/lib/python3.12/site-packages/google/adk/flows/llm_flows/base_llm_flow.py", line 800, in _call_llm_with_tracing
    async for llm_response in agen:
  File "/home/minhnb/Equalizer_Agent/agent/venv/lib/python3.12/site-packages/google/adk/flows/llm_flows/base_llm_flow.py", line 1053, in _run_and_handle_error
    raise model_error
  File "/home/minhnb/Equalizer_Agent/agent/venv/lib/python3.12/site-packages/google/adk/flows/llm_flows/base_llm_flow.py", line 1039, in _run_and_handle_error
    async for response in agen:
  File "/home/minhnb/Equalizer_Agent/agent/venv/lib/python3.12/site-packages/google/adk/models/google_llm.py", line 260, in generate_content_async
    raise _ResourceExhaustedError(ce) from ce
google.adk.models.google_llm._ResourceExhaustedError: 
On how to mitigate this issue, please refer to:

https://google.github.io/adk-docs/agents/models/#error-code-429-resource_exhausted


429 RESOURCE_EXHAUSTED. {'error': {'code': 429, 'message': 'You exceeded your current quota, please check your plan and billing details. For more information on this error, head to: https://ai.google.dev/gemini-api/docs/rate-limits. To monitor your current usage, head to: https://ai.dev/usage?tab=rate-limit. \n* Quota exceeded for metric: generativelanguage.googleapis.com/generate_content_free_tier_requests, limit: 20, model: gemini-2.5-flash\nPlease retry in 27.286344454s.', 'status': 'RESOURCE_EXHAUSTED', 'details': [{'@type': 'type.googleapis.com/google.rpc.Help', 'links': [{'description': 'Learn more about Gemini API quotas', 'url': 'https://ai.google.dev/gemini-api/docs/rate-limits'}]}, {'@type': 'type.googleapis.com/google.rpc.QuotaFailure', 'violations': [{'quotaMetric': 'generativelanguage.googleapis.com/generate_content_free_tier_requests', 'quotaId': 'GenerateRequestsPerDayPerProjectPerModel-FreeTier', 'quotaDimensions': {'location': 'global', 'model': 'gemini-2.5-flash'}, 'quotaValue': '20'}]}, {'@type': 'type.googleapis.com/google.rpc.RetryInfo', 'retryDelay': '27s'}]}}
